<?xml version="1.0" encoding="UTF-8"?>
<testng-results skipped="0" failed="0" total="1" passed="1">
  <reporter-output>
  </reporter-output>
  <suite name="Default suite" duration-ms="31" started-at="2017-03-20T05:48:28Z" finished-at="2017-03-20T05:48:28Z">
    <groups>
    </groups>
    <test name="Default test" duration-ms="31" started-at="2017-03-20T05:48:28Z" finished-at="2017-03-20T05:48:28Z">
      <class name="Hello">
        <test-method status="PASS" signature="display()[pri:0, instance:Hello@32d992b2]" name="display" duration-ms="16" started-at="2017-03-20T11:18:28Z" finished-at="2017-03-20T11:18:28Z">
          <reporter-output>
          </reporter-output>
        </test-method> <!-- display -->
      </class> <!-- Hello -->
    </test> <!-- Default test -->
  </suite> <!-- Default suite -->
</testng-results>
